0 info it worked if it ends with ok
1 verbose cli [ 'C:\\Program Files\\nodejs\\node.exe',
1 verbose cli   'C:\\Program Files\\nodejs\\node_modules\\npm\\bin\\npm-cli.js',
1 verbose cli   'repo' ]
2 info using npm@3.10.10
3 info using node@v6.10.1
4 silly fetchPackageMetaData .
5 silly fetchDirectoryPackageData .
6 silly fetchPackageMetaData Error: Invalid name: "HANCOM Planner"
6 silly fetchPackageMetaData     at ensureValidName (C:\Users\dhyoon\AppData\Roaming\nvm\v6.10.1\node_modules\npm\node_modules\normalize-package-data\lib\fixer.js:336:15)
6 silly fetchPackageMetaData     at Object.fixNameField (C:\Users\dhyoon\AppData\Roaming\nvm\v6.10.1\node_modules\npm\node_modules\normalize-package-data\lib\fixer.js:215:5)
6 silly fetchPackageMetaData     at C:\Users\dhyoon\AppData\Roaming\nvm\v6.10.1\node_modules\npm\node_modules\normalize-package-data\lib\normalize.js:32:38
6 silly fetchPackageMetaData     at Array.forEach (native)
6 silly fetchPackageMetaData     at normalize (C:\Users\dhyoon\AppData\Roaming\nvm\v6.10.1\node_modules\npm\node_modules\normalize-package-data\lib\normalize.js:31:15)
6 silly fetchPackageMetaData     at final (C:\Users\dhyoon\AppData\Roaming\nvm\v6.10.1\node_modules\npm\node_modules\read-package-json\read-json.js:349:5)
6 silly fetchPackageMetaData     at then (C:\Users\dhyoon\AppData\Roaming\nvm\v6.10.1\node_modules\npm\node_modules\read-package-json\read-json.js:124:5)
6 silly fetchPackageMetaData     at ReadFileContext.<anonymous> (C:\Users\dhyoon\AppData\Roaming\nvm\v6.10.1\node_modules\npm\node_modules\read-package-json\read-json.js:295:20)
6 silly fetchPackageMetaData     at ReadFileContext.callback (C:\Users\dhyoon\AppData\Roaming\nvm\v6.10.1\node_modules\npm\node_modules\graceful-fs\graceful-fs.js:78:16)
6 silly fetchPackageMetaData     at FSReqWrap.readFileAfterOpen [as oncomplete] (fs.js:366:13)
6 silly fetchPackageMetaData  error for . Error: Invalid name: "HANCOM Planner"
6 silly fetchPackageMetaData     at ensureValidName (C:\Users\dhyoon\AppData\Roaming\nvm\v6.10.1\node_modules\npm\node_modules\normalize-package-data\lib\fixer.js:336:15)
6 silly fetchPackageMetaData     at Object.fixNameField (C:\Users\dhyoon\AppData\Roaming\nvm\v6.10.1\node_modules\npm\node_modules\normalize-package-data\lib\fixer.js:215:5)
6 silly fetchPackageMetaData     at C:\Users\dhyoon\AppData\Roaming\nvm\v6.10.1\node_modules\npm\node_modules\normalize-package-data\lib\normalize.js:32:38
6 silly fetchPackageMetaData     at Array.forEach (native)
6 silly fetchPackageMetaData     at normalize (C:\Users\dhyoon\AppData\Roaming\nvm\v6.10.1\node_modules\npm\node_modules\normalize-package-data\lib\normalize.js:31:15)
6 silly fetchPackageMetaData     at final (C:\Users\dhyoon\AppData\Roaming\nvm\v6.10.1\node_modules\npm\node_modules\read-package-json\read-json.js:349:5)
6 silly fetchPackageMetaData     at then (C:\Users\dhyoon\AppData\Roaming\nvm\v6.10.1\node_modules\npm\node_modules\read-package-json\read-json.js:124:5)
6 silly fetchPackageMetaData     at ReadFileContext.<anonymous> (C:\Users\dhyoon\AppData\Roaming\nvm\v6.10.1\node_modules\npm\node_modules\read-package-json\read-json.js:295:20)
6 silly fetchPackageMetaData     at ReadFileContext.callback (C:\Users\dhyoon\AppData\Roaming\nvm\v6.10.1\node_modules\npm\node_modules\graceful-fs\graceful-fs.js:78:16)
6 silly fetchPackageMetaData     at FSReqWrap.readFileAfterOpen [as oncomplete] (fs.js:366:13)
7 verbose stack Error: Invalid name: "HANCOM Planner"
7 verbose stack     at ensureValidName (C:\Users\dhyoon\AppData\Roaming\nvm\v6.10.1\node_modules\npm\node_modules\normalize-package-data\lib\fixer.js:336:15)
7 verbose stack     at Object.fixNameField (C:\Users\dhyoon\AppData\Roaming\nvm\v6.10.1\node_modules\npm\node_modules\normalize-package-data\lib\fixer.js:215:5)
7 verbose stack     at C:\Users\dhyoon\AppData\Roaming\nvm\v6.10.1\node_modules\npm\node_modules\normalize-package-data\lib\normalize.js:32:38
7 verbose stack     at Array.forEach (native)
7 verbose stack     at normalize (C:\Users\dhyoon\AppData\Roaming\nvm\v6.10.1\node_modules\npm\node_modules\normalize-package-data\lib\normalize.js:31:15)
7 verbose stack     at final (C:\Users\dhyoon\AppData\Roaming\nvm\v6.10.1\node_modules\npm\node_modules\read-package-json\read-json.js:349:5)
7 verbose stack     at then (C:\Users\dhyoon\AppData\Roaming\nvm\v6.10.1\node_modules\npm\node_modules\read-package-json\read-json.js:124:5)
7 verbose stack     at ReadFileContext.<anonymous> (C:\Users\dhyoon\AppData\Roaming\nvm\v6.10.1\node_modules\npm\node_modules\read-package-json\read-json.js:295:20)
7 verbose stack     at ReadFileContext.callback (C:\Users\dhyoon\AppData\Roaming\nvm\v6.10.1\node_modules\npm\node_modules\graceful-fs\graceful-fs.js:78:16)
7 verbose stack     at FSReqWrap.readFileAfterOpen [as oncomplete] (fs.js:366:13)
8 verbose cwd E:\publishing\1207
9 error Windows_NT 6.1.7601
10 error argv "C:\\Program Files\\nodejs\\node.exe" "C:\\Program Files\\nodejs\\node_modules\\npm\\bin\\npm-cli.js" "repo"
11 error node v6.10.1
12 error npm  v3.10.10
13 error Invalid name: "HANCOM Planner"
14 error If you need help, you may report this error at:
14 error     <https://github.com/npm/npm/issues>
15 verbose exit [ 1, true ]
